Unable to capture context for thread 5500 in process 9936, can not generate back trace
Exception at PC 0x00007FFDA13CBB93
Printing stacktrace...

[0]  [0x00007FFDA13CBB93]
[1]  [0x00007FFDA13CBB93]
[2]  [0x00007FFDA13CB4A1]
[3]  [0x00007FFDA13CB3EF]
[4]  [0x00007FFDA13B19FE]
[5]  [0x00007FFDA13B0ED1]
[6]  [0x00007FFDA13B0D76]
[7]  [0x00007FFDA13579F6]
[8]  [0x00007FFDA1347AFB]
[9]  [0x00007FFDA146E90A]
[10]  [0x00007FFDA1489F87]
[11]  [0x00007FFDA148A05F]
[12] (BaseThreadInitThunk+0x14) [0x00007FFE447A7034]
[13] (RtlUserThreadStart+0x21) [0x00007FFE45C82651]
Done
Exception at PC 0x00007FFDA10D1A52
Attemped to write at address 0x00007FFDF787ABA4
Printing stacktrace...

[0]  [0x00007FFDA10D1A52]
[1]  [0x00007FFDA10D1A52]
[2]  [0x00007FFDA10D1AD4]
[3]  [0x00007FFDA1213FF7]
[4]  [0x00007FFDA10F9128]
[5]  [0x00007FFDA13ADFB9]
[6]  [0x00007FFDA157EF23]
[7]  [0x00007FFDA148B06B]
[8]  [0x00007FFDA14808AF]
[9]  [0x00007FFDA1480A32]
[10] (RtlActivateActivationContextUnsafeFast+0x11d) [0x00007FFE45C49A1D]
[11] (LdrShutdownProcess+0x141) [0x00007FFE45C8DB91]
[12] (RtlExitUserProcess+0xad) [0x00007FFE45C8DA2D]
[13] (FatalExit+0xb) [0x00007FFE447AE0AB]
[14] (exit+0x85) [0x00007FFE43EBA155]
[15] (initterm_e+0x245) [0x00007FFE43EBA7C5]
[16]  [0x00000000004014CD]
[17]  [0x000000000040151B]
[18] (BaseThreadInitThunk+0x14) [0x00007FFE447A7034]
[19] (RtlUserThreadStart+0x21) [0x00007FFE45C82651]
Done
