#-----------------------------------------------------------
# Vivado v2017.2 (64-bit)
# SW Build 1909853 on Thu Jun 15 18:39:09 MDT 2017
# IP Build 1909766 on Thu Jun 15 19:58:00 MDT 2017
# Start of session at: Tue Feb 27 09:11:13 2024
# Process ID: 10780
# Current directory: C:/Users/USER/Desktop/git_code/i2c_folder/i2c_code/i2c
# Command line: vivado.exe -gui_launcher_event rodinguilauncherevent11180 C:\Users\USER\Desktop\git_code\i2c_folder\i2c_code\i2c\i2c.xpr
# Log file: C:/Users/USER/Desktop/git_code/i2c_folder/i2c_code/i2c/vivado.log
# Journal file: C:/Users/USER/Desktop/git_code/i2c_folder/i2c_code/i2c\vivado.jou
#-----------------------------------------------------------
start_gui
open_project C:/Users/USER/Desktop/git_code/i2c_folder/i2c_code/i2c/i2c.xpr
Scanning sources...
Finished scanning sources
INFO: [IP_Flow 19-234] Refreshing IP repositories
INFO: [IP_Flow 19-1704] No user IP repositories specified
INFO: [IP_Flow 19-2313] Loaded Vivado IP repository 'C:/Xilinx/Vivado/2017.2/data/ip'.
open_project: Time (s): cpu = 00:00:13 ; elapsed = 00:00:06 . Memory (MB): peak = 893.340 ; gain = 135.715
update_compile_order -fileset sources_1
reset_run synth_1
launch_runs synth_1 -jobs 4
[Tue Feb 27 09:12:17 2024] Launched synth_1...
Run output will be captured here: C:/Users/USER/Desktop/git_code/i2c_folder/i2c_code/i2c/i2c.runs/synth_1/runme.log
add_files -norecurse {C:/Users/USER/Desktop/git_code/i2c_folder/i2c_code/Async_FIFO/fifo_toplevel.v C:/Users/USER/Desktop/git_code/i2c_folder/i2c_code/Async_FIFO/sync_w2r.v C:/Users/USER/Desktop/git_code/i2c_folder/i2c_code/Async_FIFO/rptr_empty.v C:/Users/USER/Desktop/git_code/i2c_folder/i2c_code/Async_FIFO/fifo_toplevel_tb.v C:/Users/USER/Desktop/git_code/i2c_folder/i2c_code/Async_FIFO/fifo_mem.v C:/Users/USER/Desktop/git_code/i2c_folder/i2c_code/Async_FIFO/sync_r2w.v C:/Users/USER/Desktop/git_code/i2c_folder/i2c_code/Async_FIFO/wptr_full.v C:/Users/USER/Desktop/git_code/i2c_folder/i2c_code/apb_slave_interface.v}
update_compile_order -fileset sources_1
reset_run synth_1
launch_runs synth_1 -jobs 4
[Tue Feb 27 09:13:50 2024] Launched synth_1...
Run output will be captured here: C:/Users/USER/Desktop/git_code/i2c_folder/i2c_code/i2c/i2c.runs/synth_1/runme.log
update_compile_order -fileset sources_1
exit
INFO: [Common 17-206] Exiting Vivado at Tue Feb 27 18:05:55 2024...
