Unable to capture context for thread 5400 in process 7172, can not generate back trace
Exception at PC 0x00007FF9CE81BB93
Printing stacktrace...

[0]  [0x00007FF9CE81BB93]
[1]  [0x00007FF9CE81BB93]
[2]  [0x00007FF9CE81B4A1]
[3]  [0x00007FF9CE81B3EF]
[4]  [0x00007FF9CE8019FE]
[5]  [0x00007FF9CE800ED1]
[6]  [0x00007FF9CE800D76]
[7]  [0x00007FF9CE7A79F6]
[8]  [0x00007FF9CE797AFB]
[9]  [0x00007FF9CE8BE90A]
[10]  [0x00007FF9CE8D9F87]
[11]  [0x00007FF9CE8DA05F]
[12] (BaseThreadInitThunk+0x14) [0x00007FFA72EF7034]
[13] (RtlUserThreadStart+0x21) [0x00007FFA74AA2651]
Done
Exception at PC 0x00007FF9CE521A52
Attemped to write at address 0x00007FFA31EBABA4
Printing stacktrace...

[0]  [0x00007FF9CE521A52]
[1]  [0x00007FF9CE521A52]
[2]  [0x00007FF9CE521AD4]
[3]  [0x00007FF9CE663FF7]
[4]  [0x00007FF9CE549128]
[5]  [0x00007FF9CE7FDFB9]
[6]  [0x00007FF9CE9CEF23]
[7]  [0x00007FF9CE8DB06B]
[8]  [0x00007FF9CE8D08AF]
[9]  [0x00007FF9CE8D0A32]
[10] (RtlActivateActivationContextUnsafeFast+0x11d) [0x00007FFA74A69A1D]
[11] (LdrShutdownProcess+0x141) [0x00007FFA74AADB91]
[12] (RtlExitUserProcess+0xad) [0x00007FFA74AADA2D]
[13] (FatalExit+0xb) [0x00007FFA72EFE0AB]
[14] (exit+0x85) [0x00007FFA740DA155]
[15] (initterm_e+0x245) [0x00007FFA740DA7C5]
[16]  [0x00000000004014CD]
[17]  [0x000000000040151B]
[18] (BaseThreadInitThunk+0x14) [0x00007FFA72EF7034]
[19] (RtlUserThreadStart+0x21) [0x00007FFA74AA2651]
Done
