#-----------------------------------------------------------
# Vivado v2017.2 (64-bit)
# SW Build 1909853 on Thu Jun 15 18:39:09 MDT 2017
# IP Build 1909766 on Thu Jun 15 19:58:00 MDT 2017
# Start of session at: Fri Mar 22 13:39:32 2024
# Process ID: 15800
# Current directory: C:/Users/USER/Desktop/git_code/i2c_folder/i2c_code/i2c_master
# Command line: vivado.exe -gui_launcher_event rodinguilauncherevent14288 C:\Users\USER\Desktop\git_code\i2c_folder\i2c_code\i2c_master\i2c_master.xpr
# Log file: C:/Users/USER/Desktop/git_code/i2c_folder/i2c_code/i2c_master/vivado.log
# Journal file: C:/Users/USER/Desktop/git_code/i2c_folder/i2c_code/i2c_master\vivado.jou
#-----------------------------------------------------------
start_gui
open_project C:/Users/USER/Desktop/git_code/i2c_folder/i2c_code/i2c_master/i2c_master.xpr
Scanning sources...
Finished scanning sources
INFO: [IP_Flow 19-234] Refreshing IP repositories
INFO: [IP_Flow 19-1704] No user IP repositories specified
INFO: [IP_Flow 19-2313] Loaded Vivado IP repository 'C:/Xilinx/Vivado/2017.2/data/ip'.
open_project: Time (s): cpu = 00:00:14 ; elapsed = 00:00:06 . Memory (MB): peak = 892.789 ; gain = 146.461
update_compile_order -fileset sources_1
reset_run synth_1
launch_runs synth_1 -jobs 4
[Fri Mar 22 13:40:02 2024] Launched synth_1...
Run output will be captured here: C:/Users/USER/Desktop/git_code/i2c_folder/i2c_code/i2c_master/i2c_master.runs/synth_1/runme.log
reset_run synth_1
launch_runs synth_1 -jobs 4
[Fri Mar 22 14:33:15 2024] Launched synth_1...
Run output will be captured here: C:/Users/USER/Desktop/git_code/i2c_folder/i2c_code/i2c_master/i2c_master.runs/synth_1/runme.log
exit
INFO: [Common 17-206] Exiting Vivado at Fri Mar 22 17:10:06 2024...
