Copyright 1986-2017 Xilinx, Inc. All Rights Reserved.
---------------------------------------------------------------------------------------------------------------------
| Tool Version : Vivado v.2017.2 (win64) Build 1909853 Thu Jun 15 18:39:09 MDT 2017
| Date         : Tue Feb 20 11:16:17 2024
| Host         : DESKTOP-6HAUL8U running 64-bit major release  (build 9200)
| Command      : report_methodology -file i2c_top_methodology_drc_routed.rpt -rpx i2c_top_methodology_drc_routed.rpx
| Design       : i2c_top
| Device       : xc7a15tcpg236-2
| Speed File   : -2
| Design State : Routed
---------------------------------------------------------------------------------------------------------------------

Report Methodology

Table of Contents
-----------------
1. REPORT SUMMARY
2. REPORT DETAILS

1. REPORT SUMMARY
-----------------
            Netlist: netlist
          Floorplan: design_1
      Design limits: <entire design considered>
             Max violations: <unlimited>
             Violations found: 27
+-----------+----------+-----------------------------+------------+
| Rule      | Severity | Description                 | Violations |
+-----------+----------+-----------------------------+------------+
| TIMING-17 | Warning  | Non-clocked sequential cell | 19         |
| TIMING-20 | Warning  | Non-clocked latch           | 8          |
+-----------+----------+-----------------------------+------------+

2. REPORT DETAILS
-----------------
TIMING-17#1 Warning
Non-clocked sequential cell  
The clock pin clock_generator/counter_reg[0]/C is not reached by a timing clock
Related violations: <none>

TIMING-17#2 Warning
Non-clocked sequential cell  
The clock pin clock_generator/counter_reg[1]/C is not reached by a timing clock
Related violations: <none>

TIMING-17#3 Warning
Non-clocked sequential cell  
The clock pin clock_generator/counter_reg[2]/C is not reached by a timing clock
Related violations: <none>

TIMING-17#4 Warning
Non-clocked sequential cell  
The clock pin clock_generator/counter_reg[3]/C is not reached by a timing clock
Related violations: <none>

TIMING-17#5 Warning
Non-clocked sequential cell  
The clock pin clock_generator/counter_reg[4]/C is not reached by a timing clock
Related violations: <none>

TIMING-17#6 Warning
Non-clocked sequential cell  
The clock pin clock_generator/counter_reg[5]/C is not reached by a timing clock
Related violations: <none>

TIMING-17#7 Warning
Non-clocked sequential cell  
The clock pin clock_generator/counter_reg[6]/C is not reached by a timing clock
Related violations: <none>

TIMING-17#8 Warning
Non-clocked sequential cell  
The clock pin clock_generator/counter_reg[7]/C is not reached by a timing clock
Related violations: <none>

TIMING-17#9 Warning
Non-clocked sequential cell  
The clock pin clock_generator/i2c_clk_reg/C is not reached by a timing clock
Related violations: <none>

TIMING-17#10 Warning
Non-clocked sequential cell  
The clock pin i2c_master_fsm/FSM_onehot_currrent_state_reg[0]/C is not reached by a timing clock
Related violations: <none>

TIMING-17#11 Warning
Non-clocked sequential cell  
The clock pin i2c_master_fsm/FSM_onehot_currrent_state_reg[1]/C is not reached by a timing clock
Related violations: <none>

TIMING-17#12 Warning
Non-clocked sequential cell  
The clock pin i2c_master_fsm/FSM_onehot_currrent_state_reg[2]/C is not reached by a timing clock
Related violations: <none>

TIMING-17#13 Warning
Non-clocked sequential cell  
The clock pin i2c_master_fsm/FSM_onehot_currrent_state_reg[3]/C is not reached by a timing clock
Related violations: <none>

TIMING-17#14 Warning
Non-clocked sequential cell  
The clock pin i2c_master_fsm/FSM_onehot_currrent_state_reg[4]/C is not reached by a timing clock
Related violations: <none>

TIMING-17#15 Warning
Non-clocked sequential cell  
The clock pin i2c_master_fsm/FSM_onehot_currrent_state_reg[5]/C is not reached by a timing clock
Related violations: <none>

TIMING-17#16 Warning
Non-clocked sequential cell  
The clock pin i2c_master_fsm/FSM_onehot_currrent_state_reg[6]/C is not reached by a timing clock
Related violations: <none>

TIMING-17#17 Warning
Non-clocked sequential cell  
The clock pin i2c_master_fsm/FSM_onehot_currrent_state_reg[7]/C is not reached by a timing clock
Related violations: <none>

TIMING-17#18 Warning
Non-clocked sequential cell  
The clock pin i2c_master_fsm/FSM_onehot_currrent_state_reg[8]/C is not reached by a timing clock
Related violations: <none>

TIMING-17#19 Warning
Non-clocked sequential cell  
The clock pin i2c_master_fsm/FSM_onehot_currrent_state_reg[9]/C is not reached by a timing clock
Related violations: <none>

TIMING-20#1 Warning
Non-clocked latch  
The latch data_path_i2c_to_core/i2c_sda_reg cannot be properly analyzed as its control pin data_path_i2c_to_core/i2c_sda_reg/G is not reached by a timing clock
Related violations: <none>

TIMING-20#2 Warning
Non-clocked latch  
The latch i2c_master_fsm/count_bit_o_reg[0] cannot be properly analyzed as its control pin i2c_master_fsm/count_bit_o_reg[0]/G is not reached by a timing clock
Related violations: <none>

TIMING-20#3 Warning
Non-clocked latch  
The latch i2c_master_fsm/count_bit_o_reg[1] cannot be properly analyzed as its control pin i2c_master_fsm/count_bit_o_reg[1]/G is not reached by a timing clock
Related violations: <none>

TIMING-20#4 Warning
Non-clocked latch  
The latch i2c_master_fsm/count_bit_o_reg[2] cannot be properly analyzed as its control pin i2c_master_fsm/count_bit_o_reg[2]/G is not reached by a timing clock
Related violations: <none>

TIMING-20#5 Warning
Non-clocked latch  
The latch i2c_master_fsm/count_bit_o_reg[3] cannot be properly analyzed as its control pin i2c_master_fsm/count_bit_o_reg[3]/G is not reached by a timing clock
Related violations: <none>

TIMING-20#6 Warning
Non-clocked latch  
The latch i2c_master_fsm/count_clk_core_reg[0] cannot be properly analyzed as its control pin i2c_master_fsm/count_clk_core_reg[0]/G is not reached by a timing clock
Related violations: <none>

TIMING-20#7 Warning
Non-clocked latch  
The latch i2c_master_fsm/count_clk_core_reg[1] cannot be properly analyzed as its control pin i2c_master_fsm/count_clk_core_reg[1]/G is not reached by a timing clock
Related violations: <none>

TIMING-20#8 Warning
Non-clocked latch  
The latch i2c_master_fsm/count_clk_core_reg[2] cannot be properly analyzed as its control pin i2c_master_fsm/count_clk_core_reg[2]/G is not reached by a timing clock
Related violations: <none>


