Copyright 1986-2017 Xilinx, Inc. All Rights Reserved.
------------------------------------------------------------------------------------
| Tool Version : Vivado v.2017.2 (win64) Build 1909853 Thu Jun 15 18:39:09 MDT 2017
| Date         : Tue Feb 20 11:15:57 2024
| Host         : DESKTOP-6HAUL8U running 64-bit major release  (build 9200)
| Command      : report_control_sets -verbose -file i2c_top_control_sets_placed.rpt
| Design       : i2c_top
| Device       : xc7a15t
------------------------------------------------------------------------------------

Control Set Information

Table of Contents
-----------------
1. Summary
2. Flip-Flop Distribution
3. Detailed Control Set Information

1. Summary
----------

+----------------------------------------------------------+-------+
|                          Status                          | Count |
+----------------------------------------------------------+-------+
| Number of unique control sets                            |     5 |
| Unused register locations in slices containing registers |    21 |
+----------------------------------------------------------+-------+


2. Flip-Flop Distribution
-------------------------

+--------------+-----------------------+------------------------+-----------------+--------------+
| Clock Enable | Synchronous Set/Reset | Asynchronous Set/Reset | Total Registers | Total Slices |
+--------------+-----------------------+------------------------+-----------------+--------------+
| No           | No                    | No                     |               3 |            2 |
| No           | No                    | Yes                    |              11 |            8 |
| No           | Yes                   | No                     |               5 |            3 |
| Yes          | No                    | No                     |               0 |            0 |
| Yes          | No                    | Yes                    |               8 |            3 |
| Yes          | Yes                   | No                     |               0 |            0 |
+--------------+-----------------------+------------------------+-----------------+--------------+


3. Detailed Control Set Information
-----------------------------------

+-------------------------------------------------------+-----------------------+---------------------------------------------------+------------------+----------------+
|                      Clock Signal                     |     Enable Signal     |                  Set/Reset Signal                 | Slice Load Count | Bel Load Count |
+-------------------------------------------------------+-----------------------+---------------------------------------------------+------------------+----------------+
|  i2c_master_fsm/i2c_sda_o_0                           |                       | i2c_master_fsm/sda_low_en                         |                1 |              1 |
|  i2c_master_fsm/FSM_onehot_currrent_state_reg_n_0_[1] |                       |                                                   |                2 |              3 |
|  i2c_scl_i_IBUF_BUFG                                  |                       | i2c_master_fsm//i__n_0                            |                2 |              4 |
|  i2c_core_clk_i_IBUF_BUFG                             | i2c_master_fsm/clk_en | i2c_master_fsm/FSM_onehot_currrent_state_reg[9]_0 |                3 |              8 |
|  i2c_core_clk_i_IBUF_BUFG                             |                       | i2c_master_fsm/FSM_onehot_currrent_state_reg[9]_0 |                8 |             11 |
+-------------------------------------------------------+-----------------------+---------------------------------------------------+------------------+----------------+


+--------+-----------------------+
| Fanout | Number of ControlSets |
+--------+-----------------------+
| 1      |                     1 |
| 3      |                     1 |
| 4      |                     1 |
| 8      |                     1 |
| 11     |                     1 |
+--------+-----------------------+


